<?xml version="1.0" encoding="UTF-8"?>
<!-- Generated by org.testng.reporters.JUnitReportReporter -->
<testsuite hostname="Rashmis-MacBook-Pro.local" failures="0" tests="1" name="testcases.LoginApplication" time="5.623" errors="0" timestamp="2025-04-27T00:12:29 IST" skipped="0">
  <testcase classname="testcases.LoginApplication" name="loginWithValidCredentials" time="5.623"/>
</testsuite> <!-- testcases.LoginApplication -->
