<?xml version="1.0" encoding="UTF-8"?>
<!-- Generated by org.testng.reporters.JUnitReportReporter -->
<testsuite hostname="Rashmis-MacBook-Pro.local" failures="0" tests="1" name="testcases.RegisterUser" time="0.700" errors="0" timestamp="2025-04-27T00:22:34 IST" skipped="0">
  <testcase classname="testcases.RegisterUser" name="registernewUser" time="0.700"/>
</testsuite> <!-- testcases.RegisterUser -->
